<?xml version="1.0" encoding="UTF-8"?>
<!-- Generated by org.testng.reporters.JUnitXMLReporter -->
<testsuite ignored="3" hostname="LAPTOP-LKHTRLME" failures="0" tests="1" name="Default test" time="5.785" errors="0" timestamp="2026-01-02T20:27:51 IST">
  <testcase classname="testscript.LoginTest" name="verifyTheUserIsAbleToUsingValidCredential" time="0.606"/>
  <testcase classname="testscript.LoginTest" name="verifyUserNotAbleToLoginUsingIncorrectUsernameAndPassword" time="0.0">
    <ignored/>
  </testcase> <!-- verifyUserNotAbleToLoginUsingIncorrectUsernameAndPassword -->
  <testcase classname="testscript.LoginTest" name="verifyUserNotAbleToLoginUsingIncorrectUsername" time="0.0">
    <ignored/>
  </testcase> <!-- verifyUserNotAbleToLoginUsingIncorrectUsername -->
  <testcase classname="testscript.LoginTest" name="verifyUserNotAbleToLoginUsingIncorrectUsername1" time="0.0">
    <ignored/>
  </testcase> <!-- verifyUserNotAbleToLoginUsingIncorrectUsername1 -->
</testsuite> <!-- Default test -->
