<?xml version="1.0" encoding="UTF-8"?>
<testng-results ignored="2" total="4" passed="2" failed="0" skipped="0">
  <reporter-output>
  </reporter-output>
  <suite started-at="2026-01-08T21:13:34 IST" name="Suite" finished-at="2026-01-08T21:13:46 IST" duration-ms="12036">
    <groups>
    </groups>
    <test started-at="2026-01-08T21:13:34 IST" name="Test" finished-at="2026-01-08T21:13:46 IST" duration-ms="12036">
      <class name="testscript.LoginTest">
        <test-method is-config="true" signature="initialBrowser(java.lang.String)[pri:0, instance:testscript.LoginTest@5656be13]" started-at="2026-01-08T21:13:34 IST" name="initialBrowser" finished-at="2026-01-08T21:13:43 IST" duration-ms="8170" status="PASS">
          <params>
            <param index="0">
              <value>
                <![CDATA[Chrometest]]>
              </value>
            </param>
          </params>
          <reporter-output>
          </reporter-output>
        </test-method> <!-- initialBrowser -->
        <test-method signature="verifyUserNotAbleToLoginUsingIncorrectUsername()[pri:0, instance:testscript.LoginTest@5656be13]" started-at="2026-01-08T21:13:43 IST" name="verifyUserNotAbleToLoginUsingIncorrectUsername" finished-at="2026-01-08T21:13:43 IST" duration-ms="527" status="PASS">
          <reporter-output>
          </reporter-output>
        </test-method> <!-- verifyUserNotAbleToLoginUsingIncorrectUsername -->
        <test-method is-config="true" signature="initialBrowser(java.lang.String)[pri:0, instance:testscript.LoginTest@5656be13]" started-at="2026-01-08T21:13:43 IST" name="initialBrowser" finished-at="2026-01-08T21:13:46 IST" duration-ms="2872" status="PASS">
          <params>
            <param index="0">
              <value>
                <![CDATA[Chrometest]]>
              </value>
            </param>
          </params>
          <reporter-output>
          </reporter-output>
        </test-method> <!-- initialBrowser -->
        <test-method signature="verifyUserNotAbleToLoginUsingIncorrectUsernameAndPassword()[pri:0, instance:testscript.LoginTest@5656be13]" started-at="2026-01-08T21:13:46 IST" name="verifyUserNotAbleToLoginUsingIncorrectUsernameAndPassword" finished-at="2026-01-08T21:13:46 IST" duration-ms="411" status="PASS">
          <reporter-output>
          </reporter-output>
        </test-method> <!-- verifyUserNotAbleToLoginUsingIncorrectUsernameAndPassword -->
      </class> <!-- testscript.LoginTest -->
    </test> <!-- Test -->
  </suite> <!-- Suite -->
</testng-results>
