<?xml version="1.0" encoding="UTF-8"?>
<!-- Generated by org.testng.reporters.JUnitXMLReporter -->
<testsuite ignored="2" hostname="LAPTOP-LKHTRLME" failures="0" tests="2" name="Test" time="12.036" errors="0" timestamp="2026-01-08T21:13:46 IST">
  <testcase classname="testscript.LoginTest" name="verifyUserNotAbleToLoginUsingIncorrectUsername" time="0.527"/>
  <testcase classname="testscript.LoginTest" name="verifyUserNotAbleToLoginUsingIncorrectUsernameAndPassword" time="0.411"/>
  <testcase classname="testscript.LoginTest" name="verifyUserNotAbleToLoginUsingIncorrectUsername1" time="0.0">
    <ignored/>
  </testcase> <!-- verifyUserNotAbleToLoginUsingIncorrectUsername1 -->
  <testcase classname="testscript.LoginTest" name="verifyTheUserIsAbleToUsingValidCredential" time="0.0">
    <ignored/>
  </testcase> <!-- verifyTheUserIsAbleToUsingValidCredential -->
</testsuite> <!-- Test -->
