<?xml version="1.0" encoding="UTF-8"?>
<!-- Generated by org.testng.reporters.JUnitReportReporter -->
<testsuite hostname="LAPTOP-LKHTRLME" failures="0" tests="2" name="testscript.LoginTest" time="11.980" errors="0" timestamp="2026-01-08T21:13:47 IST" skipped="0">
  <testcase classname="testscript.LoginTest" name="verifyUserNotAbleToLoginUsingIncorrectUsername" time="3.399"/>
  <testcase classname="testscript.LoginTest" name="verifyUserNotAbleToLoginUsingIncorrectUsernameAndPassword" time="8.581"/>
</testsuite> <!-- testscript.LoginTest -->
