<?xml version="1.0" encoding="UTF-8"?>
<!-- Generated by org.testng.reporters.JUnitReportReporter -->
<testsuite hostname="LAPTOP-LKHTRLME" failures="0" tests="4" name="testscript.Login" time="23.475" errors="0" timestamp="2025-12-29T21:19:29 IST" skipped="0">
  <testcase classname="testscript.Login" name="loginSuccess" time="7.784"/>
  <testcase classname="testscript.Login" name="incorrectUsernamePassword" time="3.986"/>
  <testcase classname="testscript.Login" name="incorrectPassword" time="6.673"/>
  <testcase classname="testscript.Login" name="incorrectUsername" time="5.032"/>
</testsuite> <!-- testscript.Login -->
